<?xml version="1.0" encoding="UTF-8"?>
<testng-results ignored="0" total="1" passed="1" failed="0" skipped="0">
  <reporter-output>
  </reporter-output>
  <suite started-at="2023-08-22T08:46:34 IST" name="Suite" finished-at="2023-08-22T08:46:34 IST" duration-ms="167">
    <groups>
    </groups>
    <test started-at="2023-08-22T08:46:34 IST" name="Test" finished-at="2023-08-22T08:46:34 IST" duration-ms="167">
      <class name="maven.Demo2Test">
        <test-method signature="Demo2()[pri:0, instance:maven.Demo2Test@4a7f959b]" started-at="2023-08-22T08:46:34 IST" name="Demo2" finished-at="2023-08-22T08:46:34 IST" duration-ms="52" status="PASS">
          <reporter-output>
          </reporter-output>
        </test-method> <!-- Demo2 -->
      </class> <!-- maven.Demo2Test -->
    </test> <!-- Test -->
  </suite> <!-- Suite -->
</testng-results>
